[2025-11-09T10:27:58+00:00] Starting batch 4 processing - 9 companies
[2025-11-09T10:33:35.668158] ================================================================================
[2025-11-09T10:33:35.668270] Starting batch 4 Energy Matrix reevaluation
[2025-11-09T10:33:35.668499] ================================================================================
[2025-11-09T10:33:35.668630] Processing 9 companies in batch 4
[2025-11-09T10:33:35.668664] 
[2025-11-09T10:33:35.668700] Processing supabase (stage-1)...
[2025-11-09T10:33:35.704445]   Annotating green flags (critical_matches)...
[2025-11-09T10:33:35.704555]   Annotating green flags (strong_positives)...
[2025-11-09T10:33:35.704669]   Annotating red flags (concerning)...
[2025-11-09T10:33:35.704759]   Calculating energy distribution...
[2025-11-09T10:33:35.704804]   Creating energy synthesis...
[2025-11-09T10:33:35.704861]   Saving updated flags...
[2025-11-09T10:33:35.745644] Completed supabase - 63% moare, 0% burnout, threshold: True
[2025-11-09T10:33:35.745709] 
[2025-11-09T10:33:35.745760] Processing tipalti (stage-1)...
[2025-11-09T10:33:35.786463]   Annotating green flags (critical_matches)...
[2025-11-09T10:33:35.786538]   Annotating green flags (strong_positives)...
[2025-11-09T10:33:35.786643]   Annotating red flags (concerning)...
[2025-11-09T10:33:35.786766]   Annotating red flags (dealbreakers)...
[2025-11-09T10:33:35.786799]   Calculating energy distribution...
[2025-11-09T10:33:35.786836]   Creating energy synthesis...
[2025-11-09T10:33:35.786884]   Saving updated flags...
[2025-11-09T10:33:35.821180] Completed tipalti - 50% moare, 0% burnout, threshold: False
[2025-11-09T10:33:35.821244] 
[2025-11-09T10:33:35.821323] Processing toast-inc (stage-1)...
[2025-11-09T10:33:35.860444]   Annotating green flags (critical_matches)...
[2025-11-09T10:33:35.860557]   Annotating green flags (strong_positives)...
[2025-11-09T10:33:35.860691]   Annotating red flags (concerning)...
[2025-11-09T10:33:35.860783]   Calculating energy distribution...
[2025-11-09T10:33:35.860820]   Creating energy synthesis...
[2025-11-09T10:33:35.860869]   Saving updated flags...
[2025-11-09T10:33:35.898431] Completed toast-inc - 72% moare, 0% burnout, threshold: True
[2025-11-09T10:33:35.898496] 
[2025-11-09T10:33:35.898560] Processing waymo (stage-1)...
[2025-11-09T10:33:35.935642]   Annotating green flags (critical_matches)...
[2025-11-09T10:33:35.935689]   Annotating green flags (strong_positives)...
[2025-11-09T10:33:35.935758]   Annotating red flags (concerning)...
[2025-11-09T10:33:35.935808]   Calculating energy distribution...
[2025-11-09T10:33:35.935841]   Creating energy synthesis...
[2025-11-09T10:33:35.935881]   Saving updated flags...
[2025-11-09T10:33:35.954974] Completed waymo - 50% moare, 0% burnout, threshold: False
[2025-11-09T10:33:35.955046] 
[2025-11-09T10:33:35.955106] Processing wayve (stage-1)...
[2025-11-09T10:33:35.994942]   Annotating green flags (critical_matches)...
[2025-11-09T10:33:35.995051]   Annotating green flags (strong_positives)...
[2025-11-09T10:33:35.995154]   Annotating red flags (concerning)...
[2025-11-09T10:33:35.995259]   Annotating red flags (dealbreakers)...
[2025-11-09T10:33:35.995306]   Calculating energy distribution...
[2025-11-09T10:33:35.995342]   Creating energy synthesis...
[2025-11-09T10:33:35.995390]   Saving updated flags...
[2025-11-09T10:33:36.030187] Completed wayve - 57% moare, 0% burnout, threshold: False
[2025-11-09T10:33:36.030269] 
[2025-11-09T10:33:36.030331] Processing apple (stage-2)...
[2025-11-09T10:33:36.083757]   Annotating green flags (critical_matches)...
[2025-11-09T10:33:36.083830]   Annotating green flags (strong_positives)...
[2025-11-09T10:33:36.083907]   Annotating red flags (concerning)...
[2025-11-09T10:33:36.083964]   Calculating energy distribution...
[2025-11-09T10:33:36.084014]   Creating energy synthesis...
[2025-11-09T10:33:36.084076]   Saving updated flags...
[2025-11-09T10:33:36.116301] Completed apple - 88% moare, 0% burnout, threshold: True
[2025-11-09T10:33:36.116414] 
[2025-11-09T10:33:36.116476] Processing chronosphere (stage-2)...
[2025-11-09T10:33:36.184470]   Annotating green flags (critical_matches)...
[2025-11-09T10:33:36.184608]   Annotating green flags (strong_positives)...
[2025-11-09T10:33:36.184725]   Annotating red flags (concerning)...
[2025-11-09T10:33:36.184832]   Calculating energy distribution...
[2025-11-09T10:33:36.184871]   Creating energy synthesis...
[2025-11-09T10:33:36.184922]   Saving updated flags...
[2025-11-09T10:33:36.220063] Completed chronosphere - 69% moare, 0% burnout, threshold: True
[2025-11-09T10:33:36.220138] 
[2025-11-09T10:33:36.220179] Processing grafana (stage-2)...
[2025-11-09T10:33:36.251600]   Annotating green flags (critical_matches)...
[2025-11-09T10:33:36.251710]   Annotating green flags (strong_positives)...
[2025-11-09T10:33:36.251801]   Annotating red flags (concerning)...
[2025-11-09T10:33:36.251850]   Calculating energy distribution...
[2025-11-09T10:33:36.251885]   Creating energy synthesis...
[2025-11-09T10:33:36.251930]   Saving updated flags...
[2025-11-09T10:33:36.280625] Completed grafana - 77% moare, 0% burnout, threshold: True
[2025-11-09T10:33:36.280684] 
[2025-11-09T10:33:36.280722] Processing workday (stage-2)...
[2025-11-09T10:33:36.332139]   Annotating green flags (critical_matches)...
[2025-11-09T10:33:36.332196]   Annotating green flags (strong_positives)...
[2025-11-09T10:33:36.332259]   Annotating red flags (concerning)...
[2025-11-09T10:33:36.332312]   Calculating energy distribution...
[2025-11-09T10:33:36.332344]   Creating energy synthesis...
[2025-11-09T10:33:36.332384]   Saving updated flags...
[2025-11-09T10:33:36.358582] Completed workday - 58% moare, 0% burnout, threshold: False
[2025-11-09T10:33:36.358659] 
[2025-11-09T10:33:36.358888] ================================================================================
[2025-11-09T10:33:36.358920] BATCH 4 SUMMARY
[2025-11-09T10:33:36.358944] ================================================================================
[2025-11-09T10:33:36.358967] Total companies: 9
[2025-11-09T10:33:36.358988] Completed: 9
[2025-11-09T10:33:36.359009] Errors: 0
[2025-11-09T10:33:36.359031] Average MOARE: 64.9%
[2025-11-09T10:33:36.359053] Average Sparingly: 35.1%
[2025-11-09T10:33:36.359075] Average Burnout: 0.0%
[2025-11-09T10:33:36.359096] Average Help/Mentoring: 0.0%
[2025-11-09T10:33:36.359117] Companies meeting thresholds (≥60% moare, ≤20% burnout): 5/9
[2025-11-09T10:33:36.359138] 
[2025-11-09T10:33:36.359159] Companies below threshold:
[2025-11-09T10:33:36.359181]   - tipalti: 50% moare, 0% burnout
[2025-11-09T10:33:36.359202]   - waymo: 50% moare, 0% burnout
[2025-11-09T10:33:36.359223]   - wayve: 57% moare, 0% burnout
[2025-11-09T10:33:36.359244]   - workday: 58% moare, 0% burnout
[2025-11-09T10:33:36.359284] ================================================================================
[2025-11-09T10:33:36.359316] Summary saved to: /home/mrdavidlaing/workspace/pensive/active/projects/wctf/batches/batch-4-summary.json
[2025-11-09T10:33:36.359336] ================================================================================
